2018-04-17 21:26:42,719 INFO  org.springframework.test.context.support.AbstractTestContextBootstrapper (AbstractTestContextBootstrapper.java:256) - Loaded default TestExecutionListener class names from location [META-INF/spring.factories]: [org.springframework.test.context.web.ServletTestExecutionListener, org.springframework.test.context.support.DependencyInjectionTestExecutionListener, org.springframework.test.context.support.DirtiesContextTestExecutionListener, org.springframework.test.context.transaction.TransactionalTestExecutionListener, org.springframework.test.context.jdbc.SqlScriptsTestExecutionListener]
2018-04-17 21:26:42,764 INFO  org.springframework.test.context.support.AbstractTestContextBootstrapper (AbstractTestContextBootstrapper.java:182) - Using TestExecutionListeners: [org.springframework.test.context.web.ServletTestExecutionListener@4cc0edeb, org.springframework.test.context.support.DependencyInjectionTestExecutionListener@457e2f02, org.springframework.test.context.support.DirtiesContextTestExecutionListener@5c7fa833, org.springframework.test.context.transaction.TransactionalTestExecutionListener@39aeed2f, org.springframework.test.context.jdbc.SqlScriptsTestExecutionListener@724af044]
2018-04-17 21:26:43,309 INFO  org.springframework.beans.factory.xml.XmlBeanDefinitionReader (XmlBeanDefinitionReader.java:317) - Loading XML bean definitions from class path resource [META-INF/spring-persistence-context.xml]
2018-04-17 21:26:43,683 INFO  org.springframework.beans.factory.xml.XmlBeanDefinitionReader (XmlBeanDefinitionReader.java:317) - Loading XML bean definitions from class path resource [META-INF/spring-services-context.xml]
2018-04-17 21:26:43,841 INFO  org.springframework.context.support.AbstractApplicationContext (AbstractApplicationContext.java:510) - Refreshing org.springframework.context.support.GenericApplicationContext@490ab905: startup date [Tue Apr 17 21:26:43 ART 2018]; root of context hierarchy
2018-04-17 21:26:44,089 INFO  org.springframework.core.io.support.PropertiesLoaderSupport (PropertiesLoaderSupport.java:172) - Loading properties file from URL [file:/C:/Users/fabrizio/Documents/GitHub/desapp-unq-grupo-b-012018/desapp-groupB-backend/target/classes/META-INF/hibernate.properties]
2018-04-17 21:26:44,107 INFO  org.springframework.core.io.support.PropertiesLoaderSupport (PropertiesLoaderSupport.java:172) - Loading properties file from URL [file:/C:/Users/fabrizio/Documents/GitHub/desapp-unq-grupo-b-012018/desapp-groupB-backend/target/classes/META-INF/jdbc.properties]
2018-04-17 21:26:44,912 INFO  org.hibernate.annotations.common.reflection.java.JavaReflectionManager (JavaReflectionManager.java:66) - HCANN000001: Hibernate Commons Annotations {4.0.5.Final}
2018-04-17 21:26:44,918 INFO  org.hibernate.Version (Version.java:54) - HHH000412: Hibernate Core {4.3.6.Final}
2018-04-17 21:26:44,921 INFO  org.hibernate.cfg.Environment (Environment.java:239) - HHH000206: hibernate.properties not found
2018-04-17 21:26:44,924 INFO  org.hibernate.cfg.Environment (Environment.java:346) - HHH000021: Bytecode provider name : javassist
2018-04-17 21:26:44,999 WARN  org.hibernate.internal.util.xml.DTDEntityResolver (DTDEntityResolver.java:75) - HHH000223: Recognized obsolete hibernate namespace http://hibernate.sourceforge.net/. Use namespace http://www.hibernate.org/dtd/ instead. Refer to Hibernate 3.6 Migration Guide!
2018-04-17 21:26:45,591 INFO  org.hibernate.dialect.Dialect (Dialect.java:145) - HHH000400: Using dialect: org.hibernate.dialect.HSQLDialect
2018-04-17 21:26:45,740 INFO  org.hibernate.engine.transaction.internal.TransactionFactoryInitiator (TransactionFactoryInitiator.java:62) - HHH000399: Using default transaction strategy (direct JDBC transactions)
2018-04-17 21:26:45,755 INFO  org.hibernate.hql.internal.ast.ASTQueryTranslatorFactory (ASTQueryTranslatorFactory.java:47) - HHH000397: Using ASTQueryTranslatorFactory
2018-04-17 21:26:46,127 INFO  org.hibernate.tool.hbm2ddl.SchemaExport (SchemaExport.java:343) - HHH000227: Running hbm2ddl schema export
2018-04-17 21:26:46,131 INFO  org.hibernate.tool.hbm2ddl.SchemaExport (SchemaExport.java:405) - HHH000230: Schema export complete
2018-04-17 21:26:46,175 INFO  org.springframework.orm.hibernate4.HibernateTransactionManager (HibernateTransactionManager.java:360) - Using DataSource [org.apache.commons.dbcp.BasicDataSource@29ef6856] of Hibernate SessionFactory for HibernateTransactionManager
2018-04-17 21:26:46,205 INFO  org.springframework.beans.factory.xml.XmlBeanDefinitionReader (XmlBeanDefinitionReader.java:317) - Loading XML bean definitions from class path resource [org/springframework/jdbc/support/sql-error-codes.xml]
2018-04-17 21:26:46,227 INFO  org.springframework.jdbc.support.SQLErrorCodesFactory (SQLErrorCodesFactory.java:126) - SQLErrorCodes loaded: [DB2, Derby, H2, HSQL, Informix, MS-SQL, MySQL, Oracle, PostgreSQL, Sybase, Hana]
2018-04-17 21:26:46,966 INFO  org.springframework.context.support.AbstractApplicationContext (AbstractApplicationContext.java:862) - Closing org.springframework.context.support.GenericApplicationContext@490ab905: startup date [Tue Apr 17 21:26:43 ART 2018]; root of context hierarchy
2018-04-17 22:00:55,666 INFO  org.springframework.test.context.support.AbstractTestContextBootstrapper (AbstractTestContextBootstrapper.java:256) - Loaded default TestExecutionListener class names from location [META-INF/spring.factories]: [org.springframework.test.context.web.ServletTestExecutionListener, org.springframework.test.context.support.DependencyInjectionTestExecutionListener, org.springframework.test.context.support.DirtiesContextTestExecutionListener, org.springframework.test.context.transaction.TransactionalTestExecutionListener, org.springframework.test.context.jdbc.SqlScriptsTestExecutionListener]
2018-04-17 22:00:55,721 INFO  org.springframework.test.context.support.AbstractTestContextBootstrapper (AbstractTestContextBootstrapper.java:182) - Using TestExecutionListeners: [org.springframework.test.context.web.ServletTestExecutionListener@4cc0edeb, org.springframework.test.context.support.DependencyInjectionTestExecutionListener@457e2f02, org.springframework.test.context.support.DirtiesContextTestExecutionListener@5c7fa833, org.springframework.test.context.transaction.TransactionalTestExecutionListener@39aeed2f, org.springframework.test.context.jdbc.SqlScriptsTestExecutionListener@724af044]
2018-04-17 22:00:55,917 INFO  org.springframework.beans.factory.xml.XmlBeanDefinitionReader (XmlBeanDefinitionReader.java:317) - Loading XML bean definitions from class path resource [META-INF/spring-persistence-context.xml]
2018-04-17 22:00:56,203 INFO  org.springframework.beans.factory.xml.XmlBeanDefinitionReader (XmlBeanDefinitionReader.java:317) - Loading XML bean definitions from class path resource [META-INF/spring-services-context.xml]
2018-04-17 22:00:56,255 INFO  org.springframework.context.support.AbstractApplicationContext (AbstractApplicationContext.java:510) - Refreshing org.springframework.context.support.GenericApplicationContext@490ab905: startup date [Tue Apr 17 22:00:56 ART 2018]; root of context hierarchy
2018-04-17 22:00:56,423 INFO  org.springframework.core.io.support.PropertiesLoaderSupport (PropertiesLoaderSupport.java:172) - Loading properties file from URL [file:/C:/Users/fabrizio/Documents/GitHub/desapp-unq-grupo-b-012018/desapp-groupB-backend/target/classes/META-INF/hibernate.properties]
2018-04-17 22:00:56,426 INFO  org.springframework.core.io.support.PropertiesLoaderSupport (PropertiesLoaderSupport.java:172) - Loading properties file from URL [file:/C:/Users/fabrizio/Documents/GitHub/desapp-unq-grupo-b-012018/desapp-groupB-backend/target/classes/META-INF/jdbc.properties]
2018-04-17 22:00:56,806 INFO  org.hibernate.annotations.common.reflection.java.JavaReflectionManager (JavaReflectionManager.java:66) - HCANN000001: Hibernate Commons Annotations {4.0.5.Final}
2018-04-17 22:00:56,817 INFO  org.hibernate.Version (Version.java:54) - HHH000412: Hibernate Core {4.3.6.Final}
2018-04-17 22:00:56,821 INFO  org.hibernate.cfg.Environment (Environment.java:239) - HHH000206: hibernate.properties not found
2018-04-17 22:00:56,824 INFO  org.hibernate.cfg.Environment (Environment.java:346) - HHH000021: Bytecode provider name : javassist
2018-04-17 22:00:56,909 WARN  org.hibernate.internal.util.xml.DTDEntityResolver (DTDEntityResolver.java:75) - HHH000223: Recognized obsolete hibernate namespace http://hibernate.sourceforge.net/. Use namespace http://www.hibernate.org/dtd/ instead. Refer to Hibernate 3.6 Migration Guide!
2018-04-17 22:00:57,572 INFO  org.hibernate.dialect.Dialect (Dialect.java:145) - HHH000400: Using dialect: org.hibernate.dialect.HSQLDialect
2018-04-17 22:00:57,705 INFO  org.hibernate.engine.transaction.internal.TransactionFactoryInitiator (TransactionFactoryInitiator.java:62) - HHH000399: Using default transaction strategy (direct JDBC transactions)
2018-04-17 22:00:57,708 INFO  org.hibernate.hql.internal.ast.ASTQueryTranslatorFactory (ASTQueryTranslatorFactory.java:47) - HHH000397: Using ASTQueryTranslatorFactory
2018-04-17 22:00:58,229 INFO  org.hibernate.tool.hbm2ddl.SchemaExport (SchemaExport.java:343) - HHH000227: Running hbm2ddl schema export
2018-04-17 22:00:58,236 INFO  org.hibernate.tool.hbm2ddl.SchemaExport (SchemaExport.java:405) - HHH000230: Schema export complete
2018-04-17 22:00:58,282 INFO  org.springframework.orm.hibernate4.HibernateTransactionManager (HibernateTransactionManager.java:360) - Using DataSource [org.apache.commons.dbcp.BasicDataSource@29ef6856] of Hibernate SessionFactory for HibernateTransactionManager
2018-04-17 22:00:58,311 INFO  org.springframework.beans.factory.xml.XmlBeanDefinitionReader (XmlBeanDefinitionReader.java:317) - Loading XML bean definitions from class path resource [org/springframework/jdbc/support/sql-error-codes.xml]
2018-04-17 22:00:58,363 INFO  org.springframework.jdbc.support.SQLErrorCodesFactory (SQLErrorCodesFactory.java:126) - SQLErrorCodes loaded: [DB2, Derby, H2, HSQL, Informix, MS-SQL, MySQL, Oracle, PostgreSQL, Sybase, Hana]
2018-04-17 22:00:59,138 INFO  org.springframework.context.support.AbstractApplicationContext (AbstractApplicationContext.java:862) - Closing org.springframework.context.support.GenericApplicationContext@490ab905: startup date [Tue Apr 17 22:00:56 ART 2018]; root of context hierarchy
2018-04-17 22:09:14,380 INFO  org.springframework.test.context.support.AbstractTestContextBootstrapper (AbstractTestContextBootstrapper.java:256) - Loaded default TestExecutionListener class names from location [META-INF/spring.factories]: [org.springframework.test.context.web.ServletTestExecutionListener, org.springframework.test.context.support.DependencyInjectionTestExecutionListener, org.springframework.test.context.support.DirtiesContextTestExecutionListener, org.springframework.test.context.transaction.TransactionalTestExecutionListener, org.springframework.test.context.jdbc.SqlScriptsTestExecutionListener]
2018-04-17 22:09:14,414 INFO  org.springframework.test.context.support.AbstractTestContextBootstrapper (AbstractTestContextBootstrapper.java:182) - Using TestExecutionListeners: [org.springframework.test.context.web.ServletTestExecutionListener@4cc0edeb, org.springframework.test.context.support.DependencyInjectionTestExecutionListener@457e2f02, org.springframework.test.context.support.DirtiesContextTestExecutionListener@5c7fa833, org.springframework.test.context.transaction.TransactionalTestExecutionListener@39aeed2f, org.springframework.test.context.jdbc.SqlScriptsTestExecutionListener@724af044]
2018-04-17 22:09:14,575 INFO  org.springframework.beans.factory.xml.XmlBeanDefinitionReader (XmlBeanDefinitionReader.java:317) - Loading XML bean definitions from class path resource [META-INF/spring-persistence-context.xml]
2018-04-17 22:09:14,753 INFO  org.springframework.beans.factory.xml.XmlBeanDefinitionReader (XmlBeanDefinitionReader.java:317) - Loading XML bean definitions from class path resource [META-INF/spring-services-context.xml]
2018-04-17 22:09:14,795 INFO  org.springframework.context.support.AbstractApplicationContext (AbstractApplicationContext.java:510) - Refreshing org.springframework.context.support.GenericApplicationContext@490ab905: startup date [Tue Apr 17 22:09:14 ART 2018]; root of context hierarchy
2018-04-17 22:09:14,945 INFO  org.springframework.core.io.support.PropertiesLoaderSupport (PropertiesLoaderSupport.java:172) - Loading properties file from URL [file:/C:/Users/fabrizio/Documents/GitHub/desapp-unq-grupo-b-012018/desapp-groupB-backend/target/classes/META-INF/hibernate.properties]
2018-04-17 22:09:14,948 INFO  org.springframework.core.io.support.PropertiesLoaderSupport (PropertiesLoaderSupport.java:172) - Loading properties file from URL [file:/C:/Users/fabrizio/Documents/GitHub/desapp-unq-grupo-b-012018/desapp-groupB-backend/target/classes/META-INF/jdbc.properties]
2018-04-17 22:09:15,290 INFO  org.hibernate.annotations.common.reflection.java.JavaReflectionManager (JavaReflectionManager.java:66) - HCANN000001: Hibernate Commons Annotations {4.0.5.Final}
2018-04-17 22:09:15,299 INFO  org.hibernate.Version (Version.java:54) - HHH000412: Hibernate Core {4.3.6.Final}
2018-04-17 22:09:15,301 INFO  org.hibernate.cfg.Environment (Environment.java:239) - HHH000206: hibernate.properties not found
2018-04-17 22:09:15,304 INFO  org.hibernate.cfg.Environment (Environment.java:346) - HHH000021: Bytecode provider name : javassist
2018-04-17 22:09:15,375 WARN  org.hibernate.internal.util.xml.DTDEntityResolver (DTDEntityResolver.java:75) - HHH000223: Recognized obsolete hibernate namespace http://hibernate.sourceforge.net/. Use namespace http://www.hibernate.org/dtd/ instead. Refer to Hibernate 3.6 Migration Guide!
2018-04-17 22:09:16,073 INFO  org.hibernate.dialect.Dialect (Dialect.java:145) - HHH000400: Using dialect: org.hibernate.dialect.HSQLDialect
2018-04-17 22:09:16,197 INFO  org.hibernate.engine.transaction.internal.TransactionFactoryInitiator (TransactionFactoryInitiator.java:62) - HHH000399: Using default transaction strategy (direct JDBC transactions)
2018-04-17 22:09:16,200 INFO  org.hibernate.hql.internal.ast.ASTQueryTranslatorFactory (ASTQueryTranslatorFactory.java:47) - HHH000397: Using ASTQueryTranslatorFactory
2018-04-17 22:09:16,786 INFO  org.hibernate.tool.hbm2ddl.SchemaExport (SchemaExport.java:343) - HHH000227: Running hbm2ddl schema export
2018-04-17 22:09:16,791 INFO  org.hibernate.tool.hbm2ddl.SchemaExport (SchemaExport.java:405) - HHH000230: Schema export complete
2018-04-17 22:09:16,857 INFO  org.springframework.orm.hibernate4.HibernateTransactionManager (HibernateTransactionManager.java:360) - Using DataSource [org.apache.commons.dbcp.BasicDataSource@29ef6856] of Hibernate SessionFactory for HibernateTransactionManager
2018-04-17 22:09:16,891 INFO  org.springframework.beans.factory.xml.XmlBeanDefinitionReader (XmlBeanDefinitionReader.java:317) - Loading XML bean definitions from class path resource [org/springframework/jdbc/support/sql-error-codes.xml]
2018-04-17 22:09:16,950 INFO  org.springframework.jdbc.support.SQLErrorCodesFactory (SQLErrorCodesFactory.java:126) - SQLErrorCodes loaded: [DB2, Derby, H2, HSQL, Informix, MS-SQL, MySQL, Oracle, PostgreSQL, Sybase, Hana]
2018-04-17 22:09:17,965 INFO  org.springframework.context.support.AbstractApplicationContext (AbstractApplicationContext.java:862) - Closing org.springframework.context.support.GenericApplicationContext@490ab905: startup date [Tue Apr 17 22:09:14 ART 2018]; root of context hierarchy
